Analysis & Synthesis report for cpu
Sun Nov 23 19:29:19 2025
Quartus Prime Version 18.1.0 Build 625 09/12/2018 SJ Lite Edition


---------------------
; Table of Contents ;
---------------------
  1. Legal Notice
  2. Analysis & Synthesis Summary
  3. Analysis & Synthesis Settings
  4. Parallel Compilation
  5. Analysis & Synthesis Source Files Read
  6. Analysis & Synthesis Resource Usage Summary
  7. Analysis & Synthesis Resource Utilization by Entity
  8. General Register Statistics
  9. Inverted Register Statistics
 10. Multiplexer Restructuring Statistics (Restructuring Performed)
 11. Port Connectivity Checks: "control:control_unit|encoder_31_to_5:encoder_inst"
 12. Port Connectivity Checks: "opcode_decoder:decoder|decoder_4_to_16:decoder_1"
 13. Post-Synthesis Netlist Statistics for Top Partition
 14. Elapsed Time Per Partition
 15. Analysis & Synthesis Messages
 16. Analysis & Synthesis Suppressed Messages



----------------
; Legal Notice ;
----------------
Copyright (C) 2018  Intel Corporation. All rights reserved.
Your use of Intel Corporation's design tools, logic functions 
and other software and tools, and its AMPP partner logic 
functions, and any output files from any of the foregoing 
(including device programming or simulation files), and any 
associated documentation or information are expressly subject 
to the terms and conditions of the Intel Program License 
Subscription Agreement, the Intel Quartus Prime License Agreement,
the Intel FPGA IP License Agreement, or other applicable license
agreement, including, without limitation, that your use is for
the sole purpose of programming logic devices manufactured by
Intel and sold by Intel or its authorized distributors.  Please
refer to the applicable agreement for further details.



+----------------------------------------------------------------------------------+
; Analysis & Synthesis Summary                                                     ;
+------------------------------------+---------------------------------------------+
; Analysis & Synthesis Status        ; Successful - Sun Nov 23 19:29:19 2025       ;
; Quartus Prime Version              ; 18.1.0 Build 625 09/12/2018 SJ Lite Edition ;
; Revision Name                      ; cpu                                         ;
; Top-level Entity Name              ; cpu                                         ;
; Family                             ; MAX 10                                      ;
; Total logic elements               ; 2,208                                       ;
;     Total combinational functions  ; 1,166                                       ;
;     Dedicated logic registers      ; 1,194                                       ;
; Total registers                    ; 1194                                        ;
; Total pins                         ; 246                                         ;
; Total virtual pins                 ; 0                                           ;
; Total memory bits                  ; 0                                           ;
; Embedded Multiplier 9-bit elements ; 0                                           ;
; Total PLLs                         ; 0                                           ;
; UFM blocks                         ; 0                                           ;
; ADC blocks                         ; 0                                           ;
+------------------------------------+---------------------------------------------+


+------------------------------------------------------------------------------------------------------------+
; Analysis & Synthesis Settings                                                                              ;
+------------------------------------------------------------------+--------------------+--------------------+
; Option                                                           ; Setting            ; Default Value      ;
+------------------------------------------------------------------+--------------------+--------------------+
; Device                                                           ; 10M08DAF484C8G     ;                    ;
; Top-level entity name                                            ; cpu                ; cpu                ;
; Family name                                                      ; MAX 10             ; Cyclone V          ;
; Use smart compilation                                            ; Off                ; Off                ;
; Enable parallel Assembler and Timing Analyzer during compilation ; On                 ; On                 ;
; Enable compact report table                                      ; Off                ; Off                ;
; Restructure Multiplexers                                         ; Auto               ; Auto               ;
; Create Debugging Nodes for IP Cores                              ; Off                ; Off                ;
; Preserve fewer node names                                        ; On                 ; On                 ;
; Intel FPGA IP Evaluation Mode                                    ; Enable             ; Enable             ;
; Verilog Version                                                  ; Verilog_2001       ; Verilog_2001       ;
; VHDL Version                                                     ; VHDL_1993          ; VHDL_1993          ;
; State Machine Processing                                         ; Auto               ; Auto               ;
; Safe State Machine                                               ; Off                ; Off                ;
; Extract Verilog State Machines                                   ; On                 ; On                 ;
; Extract VHDL State Machines                                      ; On                 ; On                 ;
; Ignore Verilog initial constructs                                ; Off                ; Off                ;
; Iteration limit for constant Verilog loops                       ; 5000               ; 5000               ;
; Iteration limit for non-constant Verilog loops                   ; 250                ; 250                ;
; Add Pass-Through Logic to Inferred RAMs                          ; On                 ; On                 ;
; Infer RAMs from Raw Logic                                        ; On                 ; On                 ;
; Parallel Synthesis                                               ; On                 ; On                 ;
; DSP Block Balancing                                              ; Auto               ; Auto               ;
; NOT Gate Push-Back                                               ; On                 ; On                 ;
; Power-Up Don't Care                                              ; On                 ; On                 ;
; Remove Redundant Logic Cells                                     ; Off                ; Off                ;
; Remove Duplicate Registers                                       ; On                 ; On                 ;
; Ignore CARRY Buffers                                             ; Off                ; Off                ;
; Ignore CASCADE Buffers                                           ; Off                ; Off                ;
; Ignore GLOBAL Buffers                                            ; Off                ; Off                ;
; Ignore ROW GLOBAL Buffers                                        ; Off                ; Off                ;
; Ignore LCELL Buffers                                             ; Off                ; Off                ;
; Ignore SOFT Buffers                                              ; On                 ; On                 ;
; Limit AHDL Integers to 32 Bits                                   ; Off                ; Off                ;
; Optimization Technique                                           ; Balanced           ; Balanced           ;
; Carry Chain Length                                               ; 70                 ; 70                 ;
; Auto Carry Chains                                                ; On                 ; On                 ;
; Auto Open-Drain Pins                                             ; On                 ; On                 ;
; Perform WYSIWYG Primitive Resynthesis                            ; Off                ; Off                ;
; Auto ROM Replacement                                             ; On                 ; On                 ;
; Auto RAM Replacement                                             ; On                 ; On                 ;
; Auto DSP Block Replacement                                       ; On                 ; On                 ;
; Auto Shift Register Replacement                                  ; Auto               ; Auto               ;
; Allow Shift Register Merging across Hierarchies                  ; Auto               ; Auto               ;
; Auto Clock Enable Replacement                                    ; On                 ; On                 ;
; Strict RAM Replacement                                           ; Off                ; Off                ;
; Allow Synchronous Control Signals                                ; On                 ; On                 ;
; Force Use of Synchronous Clear Signals                           ; Off                ; Off                ;
; Auto RAM Block Balancing                                         ; On                 ; On                 ;
; Auto RAM to Logic Cell Conversion                                ; Off                ; Off                ;
; Auto Resource Sharing                                            ; Off                ; Off                ;
; Allow Any RAM Size For Recognition                               ; Off                ; Off                ;
; Allow Any ROM Size For Recognition                               ; Off                ; Off                ;
; Allow Any Shift Register Size For Recognition                    ; Off                ; Off                ;
; Use LogicLock Constraints during Resource Balancing              ; On                 ; On                 ;
; Ignore translate_off and synthesis_off directives                ; Off                ; Off                ;
; Timing-Driven Synthesis                                          ; On                 ; On                 ;
; Report Parameter Settings                                        ; On                 ; On                 ;
; Report Source Assignments                                        ; On                 ; On                 ;
; Report Connectivity Checks                                       ; On                 ; On                 ;
; Ignore Maximum Fan-Out Assignments                               ; Off                ; Off                ;
; Synchronization Register Chain Length                            ; 2                  ; 2                  ;
; Power Optimization During Synthesis                              ; Normal compilation ; Normal compilation ;
; HDL message level                                                ; Level2             ; Level2             ;
; Suppress Register Optimization Related Messages                  ; Off                ; Off                ;
; Number of Removed Registers Reported in Synthesis Report         ; 5000               ; 5000               ;
; Number of Swept Nodes Reported in Synthesis Report               ; 5000               ; 5000               ;
; Number of Inverted Registers Reported in Synthesis Report        ; 100                ; 100                ;
; Clock MUX Protection                                             ; On                 ; On                 ;
; Auto Gated Clock Conversion                                      ; Off                ; Off                ;
; Block Design Naming                                              ; Auto               ; Auto               ;
; SDC constraint protection                                        ; Off                ; Off                ;
; Synthesis Effort                                                 ; Auto               ; Auto               ;
; Shift Register Replacement - Allow Asynchronous Clear Signal     ; On                 ; On                 ;
; Pre-Mapping Resynthesis Optimization                             ; Off                ; Off                ;
; Analysis & Synthesis Message Level                               ; Medium             ; Medium             ;
; Disable Register Merging Across Hierarchies                      ; Auto               ; Auto               ;
; Resource Aware Inference For Block RAM                           ; On                 ; On                 ;
+------------------------------------------------------------------+--------------------+--------------------+


+------------------------------------------+
; Parallel Compilation                     ;
+----------------------------+-------------+
; Processors                 ; Number      ;
+----------------------------+-------------+
; Number detected on machine ; 16          ;
; Maximum allowed            ; 16          ;
;                            ;             ;
; Average used               ; 1.01        ;
; Maximum used               ; 16          ;
;                            ;             ;
; Usage by Processor         ; % Time Used ;
;     Processor 1            ; 100.0%      ;
;     Processor 2            ;   0.1%      ;
;     Processor 3            ;   0.1%      ;
;     Processor 4            ;   0.1%      ;
;     Processor 5            ;   0.1%      ;
;     Processor 6            ;   0.1%      ;
;     Processor 7            ;   0.1%      ;
;     Processor 8            ;   0.1%      ;
;     Processors 9-16        ;   0.0%      ;
+----------------------------+-------------+


+----------------------------------------------------------------------------------------------------------------------------------------------------+
; Analysis & Synthesis Source Files Read                                                                                                             ;
+----------------------------------+-----------------+------------------------+------------------------------------------------------------+---------+
; File Name with User-Entered Path ; Used in Netlist ; File Type              ; File Name with Absolute Path                               ; Library ;
+----------------------------------+-----------------+------------------------+------------------------------------------------------------+---------+
; register_file.v                  ; yes             ; User Verilog HDL File  ; E:/IITB/3rd_Semester/IITB-CPU/Code/Final/register_file.v   ;         ;
; pc_update.v                      ; yes             ; User Verilog HDL File  ; E:/IITB/3rd_Semester/IITB-CPU/Code/Final/pc_update.v       ;         ;
; opcode_decoder.v                 ; yes             ; User Verilog HDL File  ; E:/IITB/3rd_Semester/IITB-CPU/Code/Final/opcode_decoder.v  ;         ;
; flag_reg.v                       ; yes             ; User Verilog HDL File  ; E:/IITB/3rd_Semester/IITB-CPU/Code/Final/flag_reg.v        ;         ;
; encoder_31_to_5.v                ; yes             ; User Verilog HDL File  ; E:/IITB/3rd_Semester/IITB-CPU/Code/Final/encoder_31_to_5.v ;         ;
; decoder_4_to_16.v                ; yes             ; User Verilog HDL File  ; E:/IITB/3rd_Semester/IITB-CPU/Code/Final/decoder_4_to_16.v ;         ;
; decoder_2_to_4.v                 ; yes             ; User Verilog HDL File  ; E:/IITB/3rd_Semester/IITB-CPU/Code/Final/decoder_2_to_4.v  ;         ;
; decoder_1_to_2.v                 ; yes             ; User Verilog HDL File  ; E:/IITB/3rd_Semester/IITB-CPU/Code/Final/decoder_1_to_2.v  ;         ;
; data_memory.v                    ; yes             ; User Verilog HDL File  ; E:/IITB/3rd_Semester/IITB-CPU/Code/Final/data_memory.v     ;         ;
; cpu.v                            ; yes             ; User Verilog HDL File  ; E:/IITB/3rd_Semester/IITB-CPU/Code/Final/cpu.v             ;         ;
; control.v                        ; yes             ; User Verilog HDL File  ; E:/IITB/3rd_Semester/IITB-CPU/Code/Final/control.v         ;         ;
; code_memory.v                    ; yes             ; User Verilog HDL File  ; E:/IITB/3rd_Semester/IITB-CPU/Code/Final/code_memory.v     ;         ;
; alu.v                            ; yes             ; User Verilog HDL File  ; E:/IITB/3rd_Semester/IITB-CPU/Code/Final/alu.v             ;         ;
+----------------------------------+-----------------+------------------------+------------------------------------------------------------+---------+


+---------------------------------------------------------+
; Analysis & Synthesis Resource Usage Summary             ;
+---------------------------------------------+-----------+
; Resource                                    ; Usage     ;
+---------------------------------------------+-----------+
; Estimated Total logic elements              ; 2,208     ;
;                                             ;           ;
; Total combinational functions               ; 1166      ;
; Logic element usage by number of LUT inputs ;           ;
;     -- 4 input functions                    ; 972       ;
;     -- 3 input functions                    ; 33        ;
;     -- <=2 input functions                  ; 161       ;
;                                             ;           ;
; Logic elements by mode                      ;           ;
;     -- normal mode                          ; 1140      ;
;     -- arithmetic mode                      ; 26        ;
;                                             ;           ;
; Total registers                             ; 1194      ;
;     -- Dedicated logic registers            ; 1194      ;
;     -- I/O registers                        ; 0         ;
;                                             ;           ;
; I/O pins                                    ; 246       ;
;                                             ;           ;
; Embedded Multiplier 9-bit elements          ; 0         ;
;                                             ;           ;
; Maximum fan-out node                        ; clk~input ;
; Maximum fan-out                             ; 1194      ;
; Total fan-out                               ; 8251      ;
; Average fan-out                             ; 2.89      ;
+---------------------------------------------+-----------+


+-------------------------------------------------------------------------------------------------------------------------------------------------------------------------------------------------------------------------------------------------------------------------------------+
; Analysis & Synthesis Resource Utilization by Entity                                                                                                                                                                                                                                 ;
+--------------------------------------+---------------------+---------------------------+-------------+------------+--------------+---------+-----------+------+--------------+------------+--------------------------------------------------------+-----------------+--------------+
; Compilation Hierarchy Node           ; Combinational ALUTs ; Dedicated Logic Registers ; Memory Bits ; UFM Blocks ; DSP Elements ; DSP 9x9 ; DSP 18x18 ; Pins ; Virtual Pins ; ADC blocks ; Full Hierarchy Name                                    ; Entity Name     ; Library Name ;
+--------------------------------------+---------------------+---------------------------+-------------+------------+--------------+---------+-----------+------+--------------+------------+--------------------------------------------------------+-----------------+--------------+
; |cpu                                 ; 1166 (113)          ; 1194 (0)                  ; 0           ; 0          ; 0            ; 0       ; 0         ; 246  ; 0            ; 0          ; |cpu                                                   ; cpu             ; work         ;
;    |alu:alu_inst|                    ; 43 (43)             ; 0 (0)                     ; 0           ; 0          ; 0            ; 0       ; 0         ; 0    ; 0            ; 0          ; |cpu|alu:alu_inst                                      ; alu             ; work         ;
;    |code_memory:imem|                ; 862 (862)           ; 1024 (1024)               ; 0           ; 0          ; 0            ; 0       ; 0         ; 0    ; 0            ; 0          ; |cpu|code_memory:imem                                  ; code_memory     ; work         ;
;    |control:control_unit|            ; 60 (47)             ; 0 (0)                     ; 0           ; 0          ; 0            ; 0       ; 0         ; 0    ; 0            ; 0          ; |cpu|control:control_unit                              ; control         ; work         ;
;       |encoder_31_to_5:encoder_inst| ; 13 (13)             ; 0 (0)                     ; 0           ; 0          ; 0            ; 0       ; 0         ; 0    ; 0            ; 0          ; |cpu|control:control_unit|encoder_31_to_5:encoder_inst ; encoder_31_to_5 ; work         ;
;    |data_memory:dmem|                ; 40 (40)             ; 128 (128)                 ; 0           ; 0          ; 0            ; 0       ; 0         ; 0    ; 0            ; 0          ; |cpu|data_memory:dmem                                  ; data_memory     ; work         ;
;    |flag_reg:flag|                   ; 0 (0)               ; 4 (4)                     ; 0           ; 0          ; 0            ; 0       ; 0         ; 0    ; 0            ; 0          ; |cpu|flag_reg:flag                                     ; flag_reg        ; work         ;
;    |pc_update:pc_inst|               ; 12 (12)             ; 6 (6)                     ; 0           ; 0          ; 0            ; 0       ; 0         ; 0    ; 0            ; 0          ; |cpu|pc_update:pc_inst                                 ; pc_update       ; work         ;
;    |register_file:regs_inst|         ; 36 (36)             ; 32 (32)                   ; 0           ; 0          ; 0            ; 0       ; 0         ; 0    ; 0            ; 0          ; |cpu|register_file:regs_inst                           ; register_file   ; work         ;
+--------------------------------------+---------------------+---------------------------+-------------+------------+--------------+---------+-----------+------+--------------+------------+--------------------------------------------------------+-----------------+--------------+
Note: For table entries with two numbers listed, the numbers in parentheses indicate the number of resources of the given type used by the specific entity alone. The numbers listed outside of parentheses indicate the total resources of the given type used by the specific entity and all of its sub-entities in the hierarchy.


+------------------------------------------------------+
; General Register Statistics                          ;
+----------------------------------------------+-------+
; Statistic                                    ; Value ;
+----------------------------------------------+-------+
; Total registers                              ; 1194  ;
; Number of registers using Synchronous Clear  ; 0     ;
; Number of registers using Synchronous Load   ; 6     ;
; Number of registers using Asynchronous Clear ; 38    ;
; Number of registers using Asynchronous Load  ; 0     ;
; Number of registers using Clock Enable       ; 1188  ;
; Number of registers using Preset             ; 0     ;
+----------------------------------------------+-------+


+---------------------------------------------------+
; Inverted Register Statistics                      ;
+-----------------------------------------+---------+
; Inverted Register                       ; Fan out ;
+-----------------------------------------+---------+
; data_memory:dmem|mem[0][0]              ; 2       ;
; data_memory:dmem|mem[0][1]              ; 2       ;
; data_memory:dmem|mem[0][2]              ; 2       ;
; data_memory:dmem|mem[1][0]              ; 2       ;
; data_memory:dmem|mem[1][1]              ; 2       ;
; data_memory:dmem|mem[2][1]              ; 2       ;
; data_memory:dmem|mem[3][0]              ; 2       ;
; data_memory:dmem|mem[4][1]              ; 2       ;
; data_memory:dmem|mem[4][2]              ; 2       ;
; data_memory:dmem|mem[5][2]              ; 2       ;
; data_memory:dmem|mem[6][0]              ; 2       ;
; data_memory:dmem|mem[6][2]              ; 2       ;
; data_memory:dmem|mem[7][3]              ; 2       ;
; data_memory:dmem|mem[8][0]              ; 2       ;
; data_memory:dmem|mem[8][1]              ; 2       ;
; data_memory:dmem|mem[8][2]              ; 2       ;
; Total number of inverted registers = 16 ;         ;
+-----------------------------------------+---------+


+---------------------------------------------------------------------------------------------------------------------------------------------------+
; Multiplexer Restructuring Statistics (Restructuring Performed)                                                                                    ;
+--------------------+-----------+---------------+----------------------+------------------------+------------+-------------------------------------+
; Multiplexer Inputs ; Bus Width ; Baseline Area ; Area if Restructured ; Saving if Restructured ; Registered ; Example Multiplexer Output          ;
+--------------------+-----------+---------------+----------------------+------------------------+------------+-------------------------------------+
; 4:1                ; 6 bits    ; 12 LEs        ; 12 LEs               ; 0 LEs                  ; No         ; |cpu|alu:alu_inst|Mux6              ;
; 4:1                ; 8 bits    ; 16 LEs        ; 16 LEs               ; 0 LEs                  ; No         ; |cpu|register_file:regs_inst|Mux0   ;
; 4:1                ; 8 bits    ; 16 LEs        ; 16 LEs               ; 0 LEs                  ; No         ; |cpu|register_file:regs_inst|Mux12  ;
; 17:1               ; 8 bits    ; 88 LEs        ; 88 LEs               ; 0 LEs                  ; No         ; |cpu|reg_wdata[7]                   ;
; 10:1               ; 2 bits    ; 12 LEs        ; 8 LEs                ; 4 LEs                  ; No         ; |cpu|control:control_unit|Selector4 ;
; 11:1               ; 2 bits    ; 14 LEs        ; 6 LEs                ; 8 LEs                  ; No         ; |cpu|control:control_unit|Selector2 ;
+--------------------+-----------+---------------+----------------------+------------------------+------------+-------------------------------------+


+-------------------------------------------------------------------------------+
; Port Connectivity Checks: "control:control_unit|encoder_31_to_5:encoder_inst" ;
+----------------+-------+----------+-------------------------------------------+
; Port           ; Type  ; Severity ; Details                                   ;
+----------------+-------+----------+-------------------------------------------+
; in_vec[30..23] ; Input ; Info     ; Stuck at GND                              ;
+----------------+-------+----------+-------------------------------------------+


+------------------------------------------------------------------------------+
; Port Connectivity Checks: "opcode_decoder:decoder|decoder_4_to_16:decoder_1" ;
+------+-------+----------+----------------------------------------------------+
; Port ; Type  ; Severity ; Details                                            ;
+------+-------+----------+----------------------------------------------------+
; en   ; Input ; Info     ; Stuck at VCC                                       ;
+------+-------+----------+----------------------------------------------------+


+-----------------------------------------------------+
; Post-Synthesis Netlist Statistics for Top Partition ;
+-----------------------+-----------------------------+
; Type                  ; Count                       ;
+-----------------------+-----------------------------+
; boundary_port         ; 246                         ;
; cycloneiii_ff         ; 1194                        ;
;     CLR SLD           ; 6                           ;
;     ENA               ; 1156                        ;
;     ENA CLR           ; 32                          ;
; cycloneiii_lcell_comb ; 1184                        ;
;     arith             ; 26                          ;
;         2 data inputs ; 5                           ;
;         3 data inputs ; 21                          ;
;     normal            ; 1158                        ;
;         0 data inputs ; 3                           ;
;         1 data inputs ; 144                         ;
;         2 data inputs ; 27                          ;
;         3 data inputs ; 12                          ;
;         4 data inputs ; 972                         ;
;                       ;                             ;
; Max LUT depth         ; 24.20                       ;
; Average LUT depth     ; 15.95                       ;
+-----------------------+-----------------------------+


+-------------------------------+
; Elapsed Time Per Partition    ;
+----------------+--------------+
; Partition Name ; Elapsed Time ;
+----------------+--------------+
; Top            ; 00:00:02     ;
+----------------+--------------+


+-------------------------------+
; Analysis & Synthesis Messages ;
+-------------------------------+
Info: *******************************************************************
Info: Running Quartus Prime Analysis & Synthesis
    Info: Version 18.1.0 Build 625 09/12/2018 SJ Lite Edition
    Info: Processing started: Sun Nov 23 19:29:08 2025
Info: Command: quartus_map --read_settings_files=on --write_settings_files=off cpu -c cpu
Warning (18236): Number of processors has not been specified which may cause overloading on shared machines.  Set the global assignment NUM_PARALLEL_PROCESSORS in your QSF to an appropriate value for best performance.
Info (20030): Parallel compilation is enabled and will use 16 of the 16 processors detected
Info (12021): Found 1 design units, including 1 entities, in source file tb_load_and_run.v
    Info (12023): Found entity 1: tb_load_and_run File: E:/IITB/3rd_Semester/IITB-CPU/Code/Final/tb_load_and_run.v Line: 3
Info (12021): Found 1 design units, including 1 entities, in source file register_file.v
    Info (12023): Found entity 1: register_file File: E:/IITB/3rd_Semester/IITB-CPU/Code/Final/register_file.v Line: 1
Info (12021): Found 1 design units, including 1 entities, in source file pc_update.v
    Info (12023): Found entity 1: pc_update File: E:/IITB/3rd_Semester/IITB-CPU/Code/Final/pc_update.v Line: 1
Info (12021): Found 1 design units, including 1 entities, in source file opcode_decoder.v
    Info (12023): Found entity 1: opcode_decoder File: E:/IITB/3rd_Semester/IITB-CPU/Code/Final/opcode_decoder.v Line: 1
Info (12021): Found 1 design units, including 1 entities, in source file flag_reg.v
    Info (12023): Found entity 1: flag_reg File: E:/IITB/3rd_Semester/IITB-CPU/Code/Final/flag_reg.v Line: 1
Info (12021): Found 1 design units, including 1 entities, in source file encoder_31_to_5.v
    Info (12023): Found entity 1: encoder_31_to_5 File: E:/IITB/3rd_Semester/IITB-CPU/Code/Final/encoder_31_to_5.v Line: 1
Info (12021): Found 1 design units, including 1 entities, in source file decoder_4_to_16.v
    Info (12023): Found entity 1: decoder_4_to_16 File: E:/IITB/3rd_Semester/IITB-CPU/Code/Final/decoder_4_to_16.v Line: 1
Info (12021): Found 1 design units, including 1 entities, in source file decoder_2_to_4.v
    Info (12023): Found entity 1: decoder_2_to_4 File: E:/IITB/3rd_Semester/IITB-CPU/Code/Final/decoder_2_to_4.v Line: 1
Info (12021): Found 1 design units, including 1 entities, in source file decoder_1_to_2.v
    Info (12023): Found entity 1: decoder_1_to_2 File: E:/IITB/3rd_Semester/IITB-CPU/Code/Final/decoder_1_to_2.v Line: 1
Info (12021): Found 1 design units, including 1 entities, in source file data_memory.v
    Info (12023): Found entity 1: data_memory File: E:/IITB/3rd_Semester/IITB-CPU/Code/Final/data_memory.v Line: 1
Info (12021): Found 1 design units, including 1 entities, in source file cpu.v
    Info (12023): Found entity 1: cpu File: E:/IITB/3rd_Semester/IITB-CPU/Code/Final/cpu.v Line: 3
Info (12021): Found 1 design units, including 1 entities, in source file control.v
    Info (12023): Found entity 1: control File: E:/IITB/3rd_Semester/IITB-CPU/Code/Final/control.v Line: 1
Info (12021): Found 1 design units, including 1 entities, in source file code_memory.v
    Info (12023): Found entity 1: code_memory File: E:/IITB/3rd_Semester/IITB-CPU/Code/Final/code_memory.v Line: 1
Info (12021): Found 1 design units, including 1 entities, in source file alu.v
    Info (12023): Found entity 1: alu File: E:/IITB/3rd_Semester/IITB-CPU/Code/Final/alu.v Line: 1
Warning (10236): Verilog HDL Implicit Net warning at cpu.v(163): created implicit net for "opcode_output" File: E:/IITB/3rd_Semester/IITB-CPU/Code/Final/cpu.v Line: 163
Info (12127): Elaborating entity "cpu" for the top level hierarchy
Warning (10036): Verilog HDL or VHDL warning at cpu.v(163): object "opcode_output" assigned a value but never read File: E:/IITB/3rd_Semester/IITB-CPU/Code/Final/cpu.v Line: 163
Warning (10230): Verilog HDL assignment warning at cpu.v(163): truncated value with size 27 to match size of target (1) File: E:/IITB/3rd_Semester/IITB-CPU/Code/Final/cpu.v Line: 163
Warning (10034): Output port "op_o" at cpu.v(8) has no driver File: E:/IITB/3rd_Semester/IITB-CPU/Code/Final/cpu.v Line: 8
Info (12128): Elaborating entity "pc_update" for hierarchy "pc_update:pc_inst" File: E:/IITB/3rd_Semester/IITB-CPU/Code/Final/cpu.v Line: 68
Info (12128): Elaborating entity "code_memory" for hierarchy "code_memory:imem" File: E:/IITB/3rd_Semester/IITB-CPU/Code/Final/cpu.v Line: 77
Info (12128): Elaborating entity "opcode_decoder" for hierarchy "opcode_decoder:decoder" File: E:/IITB/3rd_Semester/IITB-CPU/Code/Final/cpu.v Line: 82
Info (12128): Elaborating entity "decoder_4_to_16" for hierarchy "opcode_decoder:decoder|decoder_4_to_16:decoder_1" File: E:/IITB/3rd_Semester/IITB-CPU/Code/Final/opcode_decoder.v Line: 14
Info (12128): Elaborating entity "decoder_2_to_4" for hierarchy "opcode_decoder:decoder|decoder_2_to_4:decoder_2" File: E:/IITB/3rd_Semester/IITB-CPU/Code/Final/opcode_decoder.v Line: 27
Info (12128): Elaborating entity "decoder_1_to_2" for hierarchy "opcode_decoder:decoder|decoder_1_to_2:decoder_3" File: E:/IITB/3rd_Semester/IITB-CPU/Code/Final/opcode_decoder.v Line: 33
Info (12128): Elaborating entity "flag_reg" for hierarchy "flag_reg:flag" File: E:/IITB/3rd_Semester/IITB-CPU/Code/Final/cpu.v Line: 92
Info (12128): Elaborating entity "control" for hierarchy "control:control_unit" File: E:/IITB/3rd_Semester/IITB-CPU/Code/Final/cpu.v Line: 113
Info (12128): Elaborating entity "encoder_31_to_5" for hierarchy "control:control_unit|encoder_31_to_5:encoder_inst" File: E:/IITB/3rd_Semester/IITB-CPU/Code/Final/control.v Line: 33
Info (12128): Elaborating entity "register_file" for hierarchy "register_file:regs_inst" File: E:/IITB/3rd_Semester/IITB-CPU/Code/Final/cpu.v Line: 129
Info (12128): Elaborating entity "alu" for hierarchy "alu:alu_inst" File: E:/IITB/3rd_Semester/IITB-CPU/Code/Final/cpu.v Line: 142
Warning (10240): Verilog HDL Always Construct warning at alu.v(22): inferring latch(es) for variable "tmp", which holds its previous value in one or more paths through the always construct File: E:/IITB/3rd_Semester/IITB-CPU/Code/Final/alu.v Line: 22
Info (12128): Elaborating entity "data_memory" for hierarchy "data_memory:dmem" File: E:/IITB/3rd_Semester/IITB-CPU/Code/Final/cpu.v Line: 151
Info (276014): Found 1 instances of uninferred RAM logic
    Info (276013): RAM logic "code_memory:imem|mem" is uninferred because MIF is not supported for the selected family File: E:/IITB/3rd_Semester/IITB-CPU/Code/Final/code_memory.v Line: 10
Warning (13024): Output pins are stuck at VCC or GND
    Warning (13410): Pin "op_o[0]" is stuck at GND File: E:/IITB/3rd_Semester/IITB-CPU/Code/Final/cpu.v Line: 8
    Warning (13410): Pin "op_o[1]" is stuck at GND File: E:/IITB/3rd_Semester/IITB-CPU/Code/Final/cpu.v Line: 8
    Warning (13410): Pin "op_o[2]" is stuck at GND File: E:/IITB/3rd_Semester/IITB-CPU/Code/Final/cpu.v Line: 8
    Warning (13410): Pin "op_o[3]" is stuck at GND File: E:/IITB/3rd_Semester/IITB-CPU/Code/Final/cpu.v Line: 8
    Warning (13410): Pin "op_o[4]" is stuck at GND File: E:/IITB/3rd_Semester/IITB-CPU/Code/Final/cpu.v Line: 8
    Warning (13410): Pin "op_o[5]" is stuck at GND File: E:/IITB/3rd_Semester/IITB-CPU/Code/Final/cpu.v Line: 8
    Warning (13410): Pin "op_o[6]" is stuck at GND File: E:/IITB/3rd_Semester/IITB-CPU/Code/Final/cpu.v Line: 8
    Warning (13410): Pin "op_o[7]" is stuck at GND File: E:/IITB/3rd_Semester/IITB-CPU/Code/Final/cpu.v Line: 8
    Warning (13410): Pin "op_o[8]" is stuck at GND File: E:/IITB/3rd_Semester/IITB-CPU/Code/Final/cpu.v Line: 8
    Warning (13410): Pin "op_o[9]" is stuck at GND File: E:/IITB/3rd_Semester/IITB-CPU/Code/Final/cpu.v Line: 8
    Warning (13410): Pin "op_o[10]" is stuck at GND File: E:/IITB/3rd_Semester/IITB-CPU/Code/Final/cpu.v Line: 8
    Warning (13410): Pin "op_o[11]" is stuck at GND File: E:/IITB/3rd_Semester/IITB-CPU/Code/Final/cpu.v Line: 8
    Warning (13410): Pin "op_o[12]" is stuck at GND File: E:/IITB/3rd_Semester/IITB-CPU/Code/Final/cpu.v Line: 8
    Warning (13410): Pin "op_o[13]" is stuck at GND File: E:/IITB/3rd_Semester/IITB-CPU/Code/Final/cpu.v Line: 8
    Warning (13410): Pin "op_o[14]" is stuck at GND File: E:/IITB/3rd_Semester/IITB-CPU/Code/Final/cpu.v Line: 8
    Warning (13410): Pin "op_o[15]" is stuck at GND File: E:/IITB/3rd_Semester/IITB-CPU/Code/Final/cpu.v Line: 8
    Warning (13410): Pin "op_o[16]" is stuck at GND File: E:/IITB/3rd_Semester/IITB-CPU/Code/Final/cpu.v Line: 8
    Warning (13410): Pin "op_o[17]" is stuck at GND File: E:/IITB/3rd_Semester/IITB-CPU/Code/Final/cpu.v Line: 8
    Warning (13410): Pin "op_o[18]" is stuck at GND File: E:/IITB/3rd_Semester/IITB-CPU/Code/Final/cpu.v Line: 8
    Warning (13410): Pin "op_o[19]" is stuck at GND File: E:/IITB/3rd_Semester/IITB-CPU/Code/Final/cpu.v Line: 8
    Warning (13410): Pin "op_o[20]" is stuck at GND File: E:/IITB/3rd_Semester/IITB-CPU/Code/Final/cpu.v Line: 8
    Warning (13410): Pin "op_o[21]" is stuck at GND File: E:/IITB/3rd_Semester/IITB-CPU/Code/Final/cpu.v Line: 8
    Warning (13410): Pin "op_o[22]" is stuck at GND File: E:/IITB/3rd_Semester/IITB-CPU/Code/Final/cpu.v Line: 8
    Warning (13410): Pin "op_o[23]" is stuck at GND File: E:/IITB/3rd_Semester/IITB-CPU/Code/Final/cpu.v Line: 8
    Warning (13410): Pin "op_o[24]" is stuck at GND File: E:/IITB/3rd_Semester/IITB-CPU/Code/Final/cpu.v Line: 8
    Warning (13410): Pin "op_o[25]" is stuck at GND File: E:/IITB/3rd_Semester/IITB-CPU/Code/Final/cpu.v Line: 8
    Warning (13410): Pin "op_o[26]" is stuck at GND File: E:/IITB/3rd_Semester/IITB-CPU/Code/Final/cpu.v Line: 8
Info (286030): Timing-Driven Synthesis is running
Info (144001): Generated suppressed messages file E:/IITB/3rd_Semester/IITB-CPU/Code/Final/output_files/cpu.map.smsg
Info (16010): Generating hard_block partition "hard_block:auto_generated_inst"
    Info (16011): Adding 0 node(s), including 0 DDIO, 0 PLL, 0 transceiver and 0 LCELL
Info (21057): Implemented 2470 device resources after synthesis - the final resource count might be different
    Info (21058): Implemented 18 input pins
    Info (21059): Implemented 228 output pins
    Info (21061): Implemented 2224 logic cells
Info: Quartus Prime Analysis & Synthesis was successful. 0 errors, 34 warnings
    Info: Peak virtual memory: 4862 megabytes
    Info: Processing ended: Sun Nov 23 19:29:19 2025
    Info: Elapsed time: 00:00:11
    Info: Total CPU time (on all processors): 00:00:21


+------------------------------------------+
; Analysis & Synthesis Suppressed Messages ;
+------------------------------------------+
The suppressed messages can be found in E:/IITB/3rd_Semester/IITB-CPU/Code/Final/output_files/cpu.map.smsg.


